Using TensorFlow backend.
/global/scratch/projects/fc_mvslab/conda/adpred/lib/python3.7/site-packages/tensorflow/python/framework/dtypes.py:516: FutureWarning: Passing (type, 1) or '1type' as a synonym of type is deprecated; in a future version of numpy, it will be understood as (type, (1,)) / '(1,)type'.
  _np_qint8 = np.dtype([("qint8", np.int8, 1)])
/global/scratch/projects/fc_mvslab/conda/adpred/lib/python3.7/site-packages/tensorflow/python/framework/dtypes.py:517: FutureWarning: Passing (type, 1) or '1type' as a synonym of type is deprecated; in a future version of numpy, it will be understood as (type, (1,)) / '(1,)type'.
  _np_quint8 = np.dtype([("quint8", np.uint8, 1)])
/global/scratch/projects/fc_mvslab/conda/adpred/lib/python3.7/site-packages/tensorflow/python/framework/dtypes.py:518: FutureWarning: Passing (type, 1) or '1type' as a synonym of type is deprecated; in a future version of numpy, it will be understood as (type, (1,)) / '(1,)type'.
  _np_qint16 = np.dtype([("qint16", np.int16, 1)])
/global/scratch/projects/fc_mvslab/conda/adpred/lib/python3.7/site-packages/tensorflow/python/framework/dtypes.py:519: FutureWarning: Passing (type, 1) or '1type' as a synonym of type is deprecated; in a future version of numpy, it will be understood as (type, (1,)) / '(1,)type'.
  _np_quint16 = np.dtype([("quint16", np.uint16, 1)])
/global/scratch/projects/fc_mvslab/conda/adpred/lib/python3.7/site-packages/tensorflow/python/framework/dtypes.py:520: FutureWarning: Passing (type, 1) or '1type' as a synonym of type is deprecated; in a future version of numpy, it will be understood as (type, (1,)) / '(1,)type'.
  _np_qint32 = np.dtype([("qint32", np.int32, 1)])
/global/scratch/projects/fc_mvslab/conda/adpred/lib/python3.7/site-packages/tensorflow/python/framework/dtypes.py:525: FutureWarning: Passing (type, 1) or '1type' as a synonym of type is deprecated; in a future version of numpy, it will be understood as (type, (1,)) / '(1,)type'.
  np_resource = np.dtype([("resource", np.ubyte, 1)])
/global/scratch/projects/fc_mvslab/conda/adpred/lib/python3.7/site-packages/tensorboard/compat/tensorflow_stub/dtypes.py:541: FutureWarning: Passing (type, 1) or '1type' as a synonym of type is deprecated; in a future version of numpy, it will be understood as (type, (1,)) / '(1,)type'.
  _np_qint8 = np.dtype([("qint8", np.int8, 1)])
/global/scratch/projects/fc_mvslab/conda/adpred/lib/python3.7/site-packages/tensorboard/compat/tensorflow_stub/dtypes.py:542: FutureWarning: Passing (type, 1) or '1type' as a synonym of type is deprecated; in a future version of numpy, it will be understood as (type, (1,)) / '(1,)type'.
  _np_quint8 = np.dtype([("quint8", np.uint8, 1)])
/global/scratch/projects/fc_mvslab/conda/adpred/lib/python3.7/site-packages/tensorboard/compat/tensorflow_stub/dtypes.py:543: FutureWarning: Passing (type, 1) or '1type' as a synonym of type is deprecated; in a future version of numpy, it will be understood as (type, (1,)) / '(1,)type'.
  _np_qint16 = np.dtype([("qint16", np.int16, 1)])
/global/scratch/projects/fc_mvslab/conda/adpred/lib/python3.7/site-packages/tensorboard/compat/tensorflow_stub/dtypes.py:544: FutureWarning: Passing (type, 1) or '1type' as a synonym of type is deprecated; in a future version of numpy, it will be understood as (type, (1,)) / '(1,)type'.
  _np_quint16 = np.dtype([("quint16", np.uint16, 1)])
/global/scratch/projects/fc_mvslab/conda/adpred/lib/python3.7/site-packages/tensorboard/compat/tensorflow_stub/dtypes.py:545: FutureWarning: Passing (type, 1) or '1type' as a synonym of type is deprecated; in a future version of numpy, it will be understood as (type, (1,)) / '(1,)type'.
  _np_qint32 = np.dtype([("qint32", np.int32, 1)])
/global/scratch/projects/fc_mvslab/conda/adpred/lib/python3.7/site-packages/tensorboard/compat/tensorflow_stub/dtypes.py:550: FutureWarning: Passing (type, 1) or '1type' as a synonym of type is deprecated; in a future version of numpy, it will be understood as (type, (1,)) / '(1,)type'.
  np_resource = np.dtype([("resource", np.ubyte, 1)])

    
If you wish to use a local installation of psipred, please indicate this,
    by assigning the path to local_psipred (e.g. local_psipred = "~/psipred/run_psipred")


WARNING:tensorflow:From /global/scratch/projects/fc_mvslab/conda/adpred/lib/python3.7/site-packages/keras/backend/tensorflow_backend.py:95: The name tf.reset_default_graph is deprecated. Please use tf.compat.v1.reset_default_graph instead.

WARNING:tensorflow:From /global/scratch/projects/fc_mvslab/conda/adpred/lib/python3.7/site-packages/keras/backend/tensorflow_backend.py:98: The name tf.placeholder_with_default is deprecated. Please use tf.compat.v1.placeholder_with_default instead.

WARNING:tensorflow:From /global/scratch/projects/fc_mvslab/conda/adpred/lib/python3.7/site-packages/keras/backend/tensorflow_backend.py:102: The name tf.get_default_graph is deprecated. Please use tf.compat.v1.get_default_graph instead.

WARNING:tensorflow:From /global/scratch/projects/fc_mvslab/conda/adpred/lib/python3.7/site-packages/keras/backend/tensorflow_backend.py:517: The name tf.placeholder is deprecated. Please use tf.compat.v1.placeholder instead.

WARNING:tensorflow:From /global/scratch/projects/fc_mvslab/conda/adpred/lib/python3.7/site-packages/keras/backend/tensorflow_backend.py:4138: The name tf.random_uniform is deprecated. Please use tf.random.uniform instead.

WARNING:tensorflow:From /global/scratch/projects/fc_mvslab/conda/adpred/lib/python3.7/site-packages/keras/backend/tensorflow_backend.py:3445: calling dropout (from tensorflow.python.ops.nn_ops) with keep_prob is deprecated and will be removed in a future version.
Instructions for updating:
Please use `rate` instead of `keep_prob`. Rate should be set to `rate = 1 - keep_prob`.
WARNING:tensorflow:From /global/scratch/projects/fc_mvslab/conda/adpred/lib/python3.7/site-packages/keras/optimizers.py:790: The name tf.train.Optimizer is deprecated. Please use tf.compat.v1.train.Optimizer instead.

WARNING:tensorflow:From /global/scratch/projects/fc_mvslab/conda/adpred/lib/python3.7/site-packages/tensorflow/python/ops/nn_impl.py:180: add_dispatch_support.<locals>.wrapper (from tensorflow.python.ops.array_ops) is deprecated and will be removed in a future version.
Instructions for updating:
Use tf.where in 2.0, which has the same broadcast rule as np.where
WARNING:tensorflow:From /global/scratch/projects/fc_mvslab/conda/adpred/lib/python3.7/site-packages/adpred/lib/utils.py:55: The name tf.metrics.auc is deprecated. Please use tf.compat.v1.metrics.auc instead.

WARNING:tensorflow:From /global/scratch/projects/fc_mvslab/conda/adpred/lib/python3.7/site-packages/tensorflow/python/ops/metrics_impl.py:809: div (from tensorflow.python.ops.math_ops) is deprecated and will be removed in a future version.
Instructions for updating:
Deprecated in favor of operator or tf.math.divide.
2025-05-16 10:55:31.983788: I tensorflow/core/platform/cpu_feature_guard.cc:142] Your CPU supports instructions that this TensorFlow binary was not compiled to use: SSE4.1 SSE4.2 AVX AVX2 FMA
2025-05-16 10:55:32.999018: I tensorflow/core/platform/profile_utils/cpu_utils.cc:94] CPU Frequency: 2299975000 Hz
2025-05-16 10:55:33.057012: I tensorflow/compiler/xla/service/service.cc:168] XLA service 0x560dd6095d60 executing computations on platform Host. Devices:
2025-05-16 10:55:33.058822: I tensorflow/compiler/xla/service/service.cc:175]   StreamExecutor device (0): <undefined>, <undefined>
2025-05-16 10:55:34.513056: W tensorflow/compiler/jit/mark_for_compilation_pass.cc:1412] (One-time warning): Not using XLA:CPU for cluster because envvar TF_XLA_FLAGS=--tf_xla_cpu_global_jit was not set.  If you want XLA:CPU, either set that envvar, or use experimental_jit_scope to enable XLA:CPU.  To confirm that XLA is active, pass --vmodule=xla_compilation_cache=1 (as a proper command-line flag, not via TF_XLA_FLAGS) or set the envvar XLA_FLAGS=--xla_hlo_profile.
Traceback (most recent call last):
  File "/global/scratch/projects/fc_mvslab/OpenProjects/Sanjana/misc_AD_predictors/adpred_files/use_ADPred.py", line 105, in <module>
    myProtein.predict()
  File "/global/scratch/projects/fc_mvslab/conda/adpred/lib/python3.7/site-packages/adpred/ADpred.py", line 269, in predict
    prot.predict_second_struct()
  File "/global/scratch/projects/fc_mvslab/conda/adpred/lib/python3.7/site-packages/adpred/ADpred.py", line 258, in predict_second_struct
    prot.second_struct = calculate_psipred(rand_fasta_name)    
  File "/global/scratch/projects/fc_mvslab/conda/adpred/lib/python3.7/site-packages/adpred/ADpred.py", line 66, in calculate_psipred
    struct = get_psipred(fasta_name)
  File "/global/scratch/projects/fc_mvslab/conda/adpred/lib/python3.7/site-packages/adpred/lib/utils.py", line 176, in get_psipred
    uid = re.search('{\"UUID\":\"(.*)\",\"sub.*', r.text).group(1)
AttributeError: 'NoneType' object has no attribute 'group'
